|    0 |    1 |    2 |    3 |    4 |    5 |
-----------------------------------------------------------------------------------------------------------------
|    5 |   27 |   27 |   41 |   49 |   60 |
|  126 |  157 |  152 |  105 |  155 |  144 |
|  132 |  142 |  152 |  105 |  155 |  144 |
|  133 |  141 |  153 |  105 |  155 |  144 |
|  131 |  144 |  153 |  106 |  154 |  145 |
|  125 |  160 |  152 |  106 |  154 |  145 |
|  126 |  150 |  152 |  106 |  154 |  144 |
|  126 |  158 |  152 |  106 |  154 |  145 |
|  131 |  146 |  152 |  106 |  154 |  145 |
|  134 |  141 |  152 |  106 |  155 |  145 |
|  127 |  167 |  152 |  106 |  154 |  145 |
|  125 |  159 |  152 |  106 |  154 |  145 |
|  125 |  157 |  152 |  106 |  154 |  145 |
|  124 |  156 |  152 |  106 |  154 |  145 |
|  126 |  158 |  152 |  106 |  154 |  145 |
|  131 |  145 |  152 |  106 |  154 |  145 |
|  125 |  161 |  152 |  106 |  154 |  145 |
|  131 |  146 |  152 |  106 |  154 |  145 |
|  132 |  142 |  153 |  106 |  155 |  145 |
|  126 |  159 |  152 |  106 |  154 |  145 |
|  124 |  161 |  152 |  106 |  154 |  145 |
|  126 |  155 |  152 |  106 |  155 |  145 |
|  124 |  161 |  152 |  106 |  154 |  146 |
|  131 |  145 |  152 |  106 |  154 |  145 |
|  133 |  141 |  153 |  106 |  154 |  145 |
|  126 |  155 |  152 |  106 |  155 |  144 |
|  125 |  160 |  152 |  106 |  154 |  145 |
|  125 |  158 |  152 |  106 |  154 |  145 |
|  125 |  159 |  152 |  106 |  154 |  145 |
|  130 |  149 |  152 |  106 |  154 |  145 |
|  131 |  144 |  152 |  106 |  155 |  145 |
|  127 |  155 |  152 |  106 |  154 |  145 |
|  125 |  157 |  152 |  106 |  152 |  145 |
|  125 |  161 |  152 |  106 |  154 |  145 |
|  129 |  148 |  152 |  106 |  154 |  146 |
|  132 |  144 |  153 |  106 |  154 |  145 |
|  125 |  159 |  152 |  106 |  154 |  145 |
|  127 |  154 |  152 |  106 |  154 |  146 |
|  128 |  155 |  152 |  106 |  154 |  145 |
|  125 |  159 |  152 |  106 |  154 |  145 |
|  125 |  160 |  152 |  106 |  154 |  145 |
|  132 |  144 |  153 |  106 |  154 |  146 |
|  124 |  160 |  152 |  106 |  154 |  145 |
|  125 |  160 |  152 |  106 |  154 |  145 |
|  125 |  159 |  153 |  106 |  154 |  145 |
|  126 |  156 |  152 |  106 |  154 |  145 |
|  128 |  152 |  152 |  106 |  154 |  145 |
|  132 |  145 |  152 |  106 |  155 |  145 |
|  132 |  145 |  153 |  106 |  154 |  145 |
|  126 |  158 |  152 |  106 |  154 |  145 |
|  125 |  161 |  152 |  106 |  154 |  145 |
|  125 |  157 |  152 |  106 |  154 |  145 |
|  132 |  142 |  152 |  106 |  154 |  145 |
|  132 |  144 |  153 |  106 |  154 |  145 |
|  133 |  142 |  153 |  106 |  155 |  145 |
|  124 |  160 |  152 |  106 |  154 |  145 |
|  127 |  133 |  152 |  106 |  154 |  145 |
|  125 |  158 |  152 |  106 |  154 |  145 |
|  125 |  155 |  152 |  106 |  154 |  145 |
|  131 |  143 |  153 |  106 |  154 |  145 |
|  126 |  154 |  152 |  106 |  154 |  146 |
|  125 |  162 |  152 |  106 |  154 |  145 |
|  126 |  156 |  152 |  106 |  154 |  145 |
|  125 |  160 |  152 |  106 |  154 |  144 |
|  131 |  143 |  152 |  106 |  154 |  145 |
|  129 |  148 |  152 |  106 |  154 |  145 |
|  124 |  160 |  151 |  107 |  153 |  145 |
|  132 |  144 |  152 |  106 |  154 |  145 |
|  128 |  152 |  152 |  106 |  154 |  145 |
|  126 |  157 |  153 |  106 |  154 |  146 |
|  125 |  160 |  152 |  106 |  154 |  145 |
|  127 |  160 |  151 |  106 |  155 |  145 |
|  125 |  161 |  152 |  106 |  154 |  145 |
|  124 |  159 |  152 |  106 |  154 |  145 |
|  127 |  153 |  152 |  106 |  154 |  145 |
|  126 |  155 |  152 |  106 |  154 |  145 |
|  125 |  160 |  152 |  106 |  154 |  145 |
|  125 |  158 |  152 |  106 |  154 |  145 |
|  131 |  144 |  152 |  106 |  154 |  145 |
|  132 |  144 |  152 |  106 |  155 |  145 |
|  132 |  144 |  152 |  106 |  154 |  145 |
|  126 |  156 |  152 |  106 |  154 |  145 |
|  126 |  157 |  152 |  106 |  155 |  145 |
|  125 |  154 |  152 |  106 |  154 |  145 |
|  131 |  145 |  153 |  106 |  154 |  145 |
|  125 |  161 |  153 |  106 |  154 |  145 |
|  131 |  146 |  152 |  106 |  154 |  145 |
|  125 |  156 |  152 |  106 |  154 |  145 |
|  123 |  158 |  153 |  107 |  154 |  144 |
|  132 |  141 |  153 |  106 |  154 |  145 |
|  128 |  151 |  152 |  106 |  154 |  145 |
|  129 |  148 |  152 |  106 |  154 |  145 |
|  132 |  143 |  153 |  106 |  154 |  145 |
|  125 |  155 |  152 |  106 |  154 |  145 |
|  124 |  158 |  152 |  106 |  154 |  145 |
|  124 |  156 |  152 |  106 |  154 |  145 |
|  130 |  145 |  153 |  106 |  154 |  145 |
|  132 |  144 |  152 |  106 |  154 |  145 |
|  131 |  146 |  152 |  106 |  154 |  145 |
|  125 |  157 |  152 |  106 |  154 |  145 |
|  125 |  157 |  152 |  106 |  154 |  146 |
|  125 |  157 |  152 |  106 |  154 |  145 |
|  131 |  145 |  152 |  106 |  154 |  145 |
|  124 |  159 |  152 |  106 |  154 |  145 |
|  127 |  152 |  152 |  106 |  154 |  145 |
|  125 |  157 |  152 |  106 |  154 |  146 |
|  126 |  150 |  152 |  106 |  154 |  145 |
|  125 |  156 |  152 |  106 |  154 |  145 |
|  131 |  143 |  152 |  106 |  154 |  145 |
|  129 |  151 |  152 |  106 |  154 |  145 |
|  125 |  158 |  153 |  106 |  154 |  144 |
|  132 |  141 |  153 |  106 |  154 |  145 |
|  127 |  151 |  152 |  106 |  154 |  145 |
|  124 |  158 |  152 |  106 |  155 |  145 |
|  132 |  143 |  153 |  106 |  154 |  145 |
|  124 |  157 |  152 |  106 |  154 |  145 |
|  124 |  156 |  153 |  106 |  154 |  146 |
|  128 |  148 |  152 |  106 |  154 |  145 |
|  124 |  158 |  152 |  106 |  154 |  145 |
|  127 |  153 |  152 |  106 |  154 |  145 |
|  131 |  145 |  152 |  106 |  154 |  145 |
|  125 |  157 |  152 |  106 |  154 |  145 |
|  131 |  142 |  153 |  106 |  154 |  145 |
|  132 |  141 |  153 |  106 |  154 |  145 |
|  125 |  155 |  152 |  106 |  154 |  145 |
|  126 |  154 |  152 |  106 |  154 |  145 |
|  126 |  155 |  152 |  106 |  154 |  145 |
|  127 |  155 |  152 |  106 |  154 |  145 |
|  132 |  143 |  153 |  106 |  154 |  145 |
|  131 |  142 |  152 |  106 |  154 |  145 |
|  125 |  158 |  152 |  106 |  154 |  145 |
|  125 |  157 |  152 |  106 |  154 |  145 |
|  124 |  160 |  152 |  106 |  154 |  145 |
|  125 |  154 |  152 |  106 |  154 |  145 |
|  131 |  141 |  153 |  106 |  154 |  145 |
|  128 |  149 |  153 |  106 |  154 |  145 |
|  131 |  143 |  153 |  106 |  154 |  145 |
|  125 |  166 |  152 |  106 |  154 |  145 |
|  125 |  157 |  152 |  106 |  154 |  146 |
|  132 |  142 |  153 |  106 |  154 |  145 |
|  131 |  146 |  152 |  106 |  154 |  145 |
|  133 |  131 |  151 |  105 |  153 |  145 |
|  132 |  142 |  152 |  105 |  154 |  144 |
|  125 |  158 |  152 |  105 |  154 |  144 |
|  126 |  155 |  151 |  106 |  153 |  144 |
|  126 |  156 |  152 |  105 |  153 |  144 |
|  131 |  142 |  152 |  105 |  154 |  144 |
|  125 |  157 |  151 |  105 |  153 |  145 |
|  126 |  154 |  152 |  105 |  154 |  144 |
|  125 |  155 |  152 |  106 |  154 |  144 |
|  126 |  153 |  152 |  105 |  154 |  144 |
|  126 |  153 |  152 |  105 |  154 |  144 |
|  132 |  142 |  152 |  105 |  154 |  144 |
|  125 |  160 |  152 |  105 |  154 |  144 |
|  124 |  156 |  151 |  105 |  154 |  144 |
|  126 |  155 |  152 |  105 |  153 |  144 |
|  125 |  158 |  151 |  105 |  153 |  144 |
|  132 |  142 |  152 |  105 |  154 |  143 |
|  132 |  141 |  152 |  105 |  154 |  143 |
|  127 |  151 |  152 |  105 |  154 |  143 |
|  125 |  155 |  152 |  105 |  153 |  144 |
|  127 |  148 |  152 |  105 |  153 |  144 |
|  125 |  154 |  152 |  105 |  153 |  143 |
|  124 |  155 |  152 |  105 |  153 |  144 |
|  131 |  143 |  152 |  105 |  154 |  144 |
|  126 |  158 |  152 |  105 |  153 |  143 |
|  131 |  146 |  152 |  105 |  153 |  144 |
|  132 |  142 |  152 |  105 |  153 |  143 |
|  126 |  155 |  151 |  105 |  153 |  144 |
|  125 |  154 |  152 |  105 |  153 |  143 |
|  120 |  162 |  151 |  105 |  153 |  143 |
|  125 |  157 |  151 |  105 |  153 |  143 |
|  132 |  131 |  153 |  105 |  154 |  143 |
|  124 |  156 |  152 |  105 |  153 |  144 |
|  126 |  150 |  152 |  105 |  154 |  143 |
|  126 |  154 |  152 |  105 |  153 |  144 |
|  125 |  155 |  152 |  105 |  153 |  144 |
|  125 |  160 |  151 |  105 |  153 |  144 |
|  122 |  153 |  149 |  107 |  147 |  146 |
|  131 |  141 |  152 |  105 |  154 |  143 |
|  126 |  152 |  152 |  105 |  153 |  144 |
|  125 |  156 |  151 |  105 |  153 |  144 |
|  125 |  157 |  151 |  105 |  153 |  143 |
|  127 |  153 |  151 |  105 |  153 |  143 |
|  130 |  144 |  152 |  105 |  153 |  143 |
|  130 |  144 |  152 |  105 |  154 |  143 |
|  128 |  146 |  152 |  105 |  154 |  143 |
|  125 |  152 |  152 |  105 |  153 |  143 |
|  124 |  156 |  152 |  105 |  155 |  144 |
|  131 |  140 |  152 |  105 |  154 |  143 |
|  126 |  156 |  152 |  105 |  153 |  143 |
|  131 |  141 |  152 |  105 |  154 |  142 |
|  125 |  158 |  151 |  105 |  153 |  143 |
|  124 |  160 |  151 |  105 |  153 |  143 |
|  126 |  158 |  151 |  105 |  153 |  143 |
|  132 |  142 |  152 |  105 |  153 |  143 |
|  128 |  147 |  151 |  105 |  153 |  143 |
|  132 |  139 |  152 |  105 |  154 |  143 |
|  125 |  154 |  152 |  105 |  153 |  144 |
|  125 |  153 |  152 |  105 |  153 |  144 |
|  125 |  156 |  152 |  105 |  153 |  144 |
|  132 |  141 |  152 |  105 |  153 |  143 |
|  131 |  142 |  152 |  105 |  153 |  143 |
|  133 |  141 |  152 |  105 |  153 |  143 |
|  125 |  157 |  151 |  105 |  153 |  143 |
|  126 |  157 |  151 |  105 |  153 |  143 |
|  125 |  158 |  151 |  105 |  153 |  143 |
|  124 |  159 |  151 |  105 |  153 |  144 |
|  131 |  144 |  152 |  105 |  154 |  143 |
|  127 |  152 |  151 |  105 |  154 |  143 |
|  125 |  157 |  153 |  105 |  153 |  143 |
|  125 |  157 |  151 |  105 |  153 |  144 |
|  125 |  158 |  151 |  105 |  153 |  144 |
|  130 |  144 |  152 |  105 |  154 |  144 |
|  133 |  142 |  152 |  105 |  154 |  143 |
|  125 |  157 |  151 |  105 |  153 |  143 |
|  129 |  149 |  151 |  105 |  154 |  143 |
|  127 |  155 |  151 |  105 |  153 |  144 |
|  129 |  150 |  152 |  105 |  153 |  143 |
|  125 |  158 |  151 |  105 |  153 |  144 |
|  125 |  156 |  151 |  105 |  153 |  144 |
|  124 |  157 |  151 |  105 |  153 |  144 |
|  125 |  158 |  151 |  105 |  153 |  144 |
|  126 |  155 |  152 |  105 |  153 |  144 |
|  126 |  155 |  152 |  105 |  153 |  144 |
|  125 |  158 |  152 |  105 |  154 |  143 |
|  125 |  159 |  151 |  105 |  153 |  144 |
|  133 |  141 |  152 |  105 |  154 |  143 |
|  128 |  152 |  152 |  105 |  154 |  144 |
|  133 |  147 |  152 |  105 |  154 |  144 |
|  127 |  153 |  152 |  105 |  154 |  144 |
|  125 |  158 |  151 |  105 |  153 |  143 |
|  124 |  159 |  151 |  106 |  154 |  144 |
|  131 |  143 |  152 |  105 |  154 |  143 |
|  131 |  143 |  152 |  105 |  154 |  144 |
|  126 |  153 |  151 |  105 |  153 |  144 |
|  126 |  153 |  151 |  105 |  153 |  143 |
|  126 |  156 |  151 |  105 |  153 |  144 |
|  130 |  145 |  152 |  105 |  153 |  143 |
|  130 |  145 |  152 |  105 |  153 |  143 |
|  130 |  144 |  152 |  105 |  154 |  143 |
|  128 |  149 |  152 |  105 |  154 |  144 |
|  125 |  156 |  151 |  105 |  153 |  143 |
|  124 |  160 |  151 |  105 |  153 |  144 |
|  133 |  140 |  152 |  105 |  154 |  143 |
|  131 |  143 |  152 |  105 |  154 |  144 |
|  133 |  138 |  152 |  105 |  154 |  143 |
|  131 |  144 |  152 |  105 |  153 |  144 |
|  126 |  153 |  151 |  105 |  154 |  143 |
|  127 |  152 |  152 |  105 |  153 |  144 |
|  125 |  157 |  151 |  105 |  153 |  144 |
|  123 |  159 |  151 |  104 |  154 |  143 |
|  126 |  155 |  152 |  105 |  153 |  144 |
|  126 |  153 |  151 |  105 |  154 |  144 |
|  124 |  158 |  153 |  104 |  153 |  144 |
|  126 |  151 |  152 |  105 |  154 |  143 |
|  124 |  156 |  152 |  105 |  153 |  144 |
|  132 |  140 |  152 |  105 |  154 |  143 |
|  130 |  143 |  152 |  105 |  154 |  144 |
|  125 |  157 |  151 |  105 |  154 |  143 |
|  131 |  144 |  152 |  105 |  154 |  143 |
|  126 |  151 |  151 |  105 |  154 |  143 |
|  125 |  154 |  152 |  105 |  153 |  144 |
|  132 |  141 |  152 |  105 |  154 |  143 |
|  125 |  156 |  151 |  105 |  153 |  144 |
|  125 |  158 |  151 |  105 |  153 |  144 |
|  131 |  142 |  152 |  105 |  154 |  143 |
|  126 |  155 |  152 |  105 |  153 |  144 |
|  124 |  156 |  151 |  105 |  153 |  144 |
|  126 |  157 |  151 |  105 |  153 |  144 |
|  124 |  157 |  151 |  105 |  154 |  144 |
|  125 |  158 |  151 |  105 |  153 |  144 |
|  131 |  142 |  152 |  105 |  154 |  143 |
|  127 |  154 |  152 |  105 |  153 |  144 |
|  126 |  153 |  151 |  105 |  154 |  143 |
|  125 |  157 |  151 |  105 |  154 |  144 |
|  125 |  156 |  152 |  104 |  154 |  142 |
|  129 |  149 |  152 |  105 |  153 |  144 |
|  124 |  159 |  151 |  105 |  153 |  144 |
|  130 |  141 |  152 |  105 |  154 |  143 |
|  126 |  158 |  151 |  105 |  153 |  144 |
|  125 |  159 |  152 |  105 |  153 |  144 |
|  125 |  158 |  151 |  105 |  153 |  144 |
|  125 |  159 |  151 |  105 |  153 |  144 |
|  125 |  158 |  151 |  105 |  153 |  144 |
|  130 |  144 |  152 |  105 |  154 |  144 |
|  126 |  154 |  151 |  105 |  153 |  144 |
|  125 |  157 |  152 |  106 |  153 |  144 |
|  130 |  142 |  152 |  105 |  154 |  144 |
|  132 |  139 |  152 |  105 |  154 |  144 |
|  131 |  143 |  152 |  105 |  154 |  144 |
|  133 |  139 |  152 |  105 |  154 |  144 |
|  124 |  159 |  151 |  105 |  153 |  144 |
|  125 |  156 |  151 |  105 |  154 |  144 |
|  131 |  143 |  152 |  105 |  154 |  144 |
|  126 |  155 |  152 |  105 |  154 |  143 |
|  132 |  142 |  152 |  105 |  154 |  144 |
|  125 |  154 |  151 |  105 |  154 |  144 |
|  124 |  159 |  151 |  105 |  153 |  144 |
|  125 |  156 |  152 |  105 |  154 |  144 |
|  132 |  140 |  152 |  105 |  154 |  144 |
|  128 |  149 |  152 |  105 |  154 |  144 |
|  132 |  140 |  152 |  105 |  154 |  144 |
|  124 |  161 |  151 |  105 |  154 |  144 |
|  130 |  147 |  151 |  105 |  153 |  144 |
|  128 |  148 |  152 |  105 |  154 |  144 |
|  125 |  158 |  151 |  105 |  154 |  144 |
|  129 |  143 |  152 |  106 |  154 |  144 |
|  127 |  154 |  152 |  105 |  153 |  144 |
|  125 |  160 |  151 |  105 |  153 |  144 |
|  126 |  156 |  152 |  105 |  153 |  144 |
|  124 |  158 |  152 |  105 |  153 |  144 |
|  125 |  157 |  151 |  105 |  154 |  144 |
|  124 |  155 |  151 |  105 |  154 |  144 |
|  125 |  154 |  152 |  105 |  154 |  144 |
|  131 |  142 |  152 |  105 |  154 |  144 |
|  131 |  141 |  152 |  105 |  154 |  143 |
|  127 |  151 |  152 |  105 |  154 |  144 |
|  125 |  157 |  151 |  105 |  154 |  143 |
|  131 |  146 |  151 |  105 |  154 |  144 |
|  125 |  156 |  152 |  105 |  154 |  143 |
|  132 |  141 |  152 |  105 |  154 |  144 |
|  131 |  142 |  152 |  105 |  154 |  144 |
|  127 |  154 |  152 |  105 |  154 |  144 |
|  125 |  158 |  151 |  105 |  153 |  144 |
|  125 |  153 |  151 |  105 |  154 |  144 |
|  126 |  153 |  152 |  104 |  154 |  143 |
|  125 |  155 |  152 |  105 |  154 |  144 |
|  132 |  140 |  152 |  105 |  154 |  144 |
|  125 |  154 |  152 |  106 |  154 |  144 |
|  125 |  159 |  152 |  105 |  153 |  144 |
|  125 |  162 |  151 |  105 |  153 |  144 |
|  132 |  141 |  152 |  105 |  154 |  144 |
|  131 |  145 |  152 |  105 |  154 |  144 |
|  133 |  141 |  152 |  105 |  154 |  144 |
|  127 |  155 |  152 |  105 |  154 |  144 |
|  125 |  155 |  151 |  105 |  153 |  144 |
|  125 |  154 |  151 |  105 |  154 |  144 |
|  132 |  141 |  152 |  105 |  154 |  144 |
|  131 |  141 |  152 |  105 |  154 |  144 |
|  126 |  154 |  151 |  105 |  154 |  144 |
|  130 |  143 |  152 |  105 |  154 |  144 |
|  124 |  156 |  152 |  105 |  154 |  144 |
|  125 |  156 |  151 |  105 |  154 |  144 |
|  125 |  154 |  152 |  105 |  153 |  144 |
|  129 |  145 |  152 |  105 |  154 |  144 |
|  129 |  144 |  152 |  105 |  154 |  144 |
|  126 |  152 |  151 |  105 |  153 |  144 |
|  124 |  157 |  151 |  106 |  153 |  144 |
|  126 |  160 |  151 |  105 |  153 |  144 |
|  125 |  157 |  152 |  105 |  153 |  144 |
|  132 |  140 |  152 |  105 |  154 |  144 |
|  127 |  149 |  152 |  105 |  153 |  144 |
|  124 |  156 |  152 |  105 |  153 |  144 |
|  127 |  153 |  151 |  105 |  154 |  144 |
|  125 |  157 |  152 |  105 |  154 |  144 |
|  132 |  142 |  152 |  105 |  154 |  144 |
|  125 |  156 |  150 |  105 |  153 |  144 |
|  126 |  152 |  151 |  105 |  154 |  144 |
|  125 |  158 |  151 |  105 |  154 |  144 |
|  126 |  156 |  152 |  105 |  153 |  144 |
|  126 |  155 |  152 |  105 |  153 |  144 |
|  126 |  156 |  151 |  105 |  153 |  144 |
|  131 |  142 |  152 |  105 |  154 |  144 |
|  127 |  153 |  152 |  105 |  154 |  144 |
|  125 |  157 |  152 |  105 |  154 |  144 |
|  132 |  139 |  152 |  105 |  154 |  143 |
|  125 |  156 |  152 |  105 |  154 |  144 |
|  126 |  156 |  152 |  105 |  154 |  144 |
|  125 |  156 |  151 |  105 |  154 |  144 |
|  125 |  157 |  151 |  105 |  154 |  144 |
|  127 |  149 |  152 |  105 |  154 |  144 |
|  125 |  158 |  151 |  105 |  154 |  144 |
|  127 |  154 |  152 |  106 |  153 |  144 |
|  124 |  158 |  151 |  105 |  153 |  144 |
|  125 |  160 |  152 |  105 |  154 |  144 |
|  130 |  144 |  152 |  105 |  154 |  144 |
|  132 |  143 |  152 |  105 |  154 |  144 |
|  131 |  143 |  152 |  105 |  154 |  144 |
|  128 |  151 |  152 |  105 |  154 |  144 |
|  126 |  160 |  151 |  106 |  154 |  144 |
|  125 |  156 |  151 |  105 |  153 |  144 |
|  129 |  145 |  152 |  105 |  153 |  144 |
|  133 |  141 |  152 |  105 |  154 |  144 |
|  131 |  142 |  152 |  105 |  154 |  144 |
|  127 |  152 |  152 |  105 |  153 |  144 |
|  124 |  161 |  151 |  105 |  153 |  144 |
|  124 |  160 |  151 |  105 |  153 |  144 |
|  133 |  141 |  152 |  105 |  154 |  144 |
|  125 |  158 |  152 |  105 |  153 |  144 |
|  132 |  141 |  152 |  105 |  154 |  144 |
|  126 |  160 |  151 |  105 |  153 |  144 |
|  125 |  159 |  152 |  105 |  155 |  144 |
|  126 |  155 |  152 |  105 |  154 |  144 |
|  132 |  141 |  152 |  105 |  154 |  144 |
|  131 |  144 |  152 |  105 |  154 |  144 |
|  132 |  141 |  152 |  105 |  154 |  144 |
|  124 |  160 |  151 |  105 |  153 |  144 |
|  127 |  154 |  152 |  105 |  154 |  144 |
|  125 |  155 |  152 |  105 |  154 |  144 |
|  128 |  151 |  152 |  105 |  154 |  144 |
|  132 |  142 |  152 |  105 |  154 |  143 |
|  124 |  160 |  152 |  105 |  154 |  144 |
|  123 |  154 |  149 |  107 |  147 |  146 |
|  126 |  152 |  152 |  105 |  153 |  144 |
|  125 |  155 |  152 |  105 |  154 |  144 |
|  131 |  141 |  152 |  105 |  154 |  144 |
|  132 |  140 |  152 |  105 |  154 |  144 |
|  126 |  157 |  152 |  105 |  153 |  144 |
|  133 |  141 |  152 |  105 |  154 |  144 |
|  126 |  154 |  152 |  105 |  154 |  144 |
|  124 |  158 |  151 |  105 |  154 |  144 |
|  130 |  145 |  152 |  105 |  154 |  144 |
|  126 |  155 |  152 |  105 |  154 |  144 |
|  125 |  158 |  152 |  105 |  154 |  144 |
|  128 |  156 |  152 |  105 |  153 |  144 |
|  127 |  152 |  152 |  105 |  153 |  144 |
|  124 |  157 |  152 |  104 |  154 |  143 |
|  132 |  143 |  152 |  105 |  154 |  144 |
|  124 |  159 |  151 |  105 |  153 |  144 |
|  130 |  148 |  152 |  105 |  153 |  144 |
|  130 |  145 |  152 |  105 |  154 |  144 |
|  129 |  149 |  152 |  105 |  154 |  144 |
|  127 |  150 |  152 |  105 |  154 |  144 |
|  124 |  159 |  151 |  105 |  153 |  144 |
|  124 |  158 |  151 |  106 |  153 |  144 |
|  132 |  141 |  152 |  105 |  154 |  144 |
|  124 |  160 |  151 |  105 |  153 |  144 |
|  131 |  145 |  152 |  105 |  153 |  144 |
|  126 |  155 |  152 |  105 |  154 |  144 |
|  124 |  158 |  152 |  106 |  154 |  144 |
|  131 |  143 |  152 |  105 |  154 |  144 |
|  124 |  156 |  152 |  105 |  154 |  144 |
|  132 |  141 |  152 |  105 |  154 |  144 |
|  130 |  145 |  152 |  105 |  154 |  144 |
|  124 |  159 |  152 |  105 |  153 |  144 |
|  125 |  154 |  152 |  105 |  153 |  144 |
|  132 |  140 |  152 |  105 |  154 |  144 |
|  128 |  145 |  152 |  105 |  154 |  144 |
|  133 |  141 |  153 |  105 |  154 |  144 |
|  131 |  143 |  152 |  105 |  154 |  144 |
|  125 |  160 |  151 |  105 |  153 |  144 |
|  126 |  156 |  152 |  106 |  155 |  144 |
|  133 |  142 |  152 |  105 |  154 |  144 |
|  132 |  141 |  152 |  105 |  154 |  144 |
|  126 |  155 |  152 |  105 |  152 |  144 |
|  126 |  153 |  151 |  105 |  154 |  143 |
|  124 |  159 |  151 |  105 |  153 |  144 |
|  130 |  146 |  152 |  105 |  153 |  144 |
|  125 |  158 |  152 |  105 |  154 |  144 |
|  126 |  152 |  152 |  105 |  154 |  144 |
|  131 |  144 |  152 |  105 |  154 |  144 |
|  126 |  156 |  152 |  105 |  154 |  144 |
|  130 |  145 |  152 |  105 |  154 |  144 |
|  127 |  154 |  152 |  105 |  154 |  144 |
|  125 |  158 |  152 |  105 |  154 |  144 |
|  132 |  142 |  152 |  105 |  154 |  144 |
|  125 |  157 |  152 |  105 |  153 |  144 |
|  124 |  156 |  152 |  105 |  154 |  144 |
|  131 |  143 |  152 |  105 |  154 |  144 |
|  125 |  158 |  152 |  105 |  153 |  144 |
|  125 |  160 |  151 |  106 |  153 |  145 |
|  124 |  158 |  152 |  105 |  153 |  144 |
|  124 |  159 |  152 |  105 |  153 |  144 |
|  124 |  160 |  152 |  105 |  153 |  144 |
|  125 |  156 |  152 |  105 |  154 |  144 |
|  125 |  157 |  152 |  105 |  153 |  144 |
|  125 |  163 |  151 |  105 |  153 |  144 |
|  125 |  157 |  151 |  105 |  154 |  144 |
|  124 |  158 |  152 |  105 |  154 |  144 |
|  131 |  144 |  152 |  105 |  154 |  144 |
|  129 |  146 |  152 |  105 |  154 |  144 |
|  123 |  150 |  149 |  107 |  147 |  147 |
|  127 |  149 |  152 |  105 |  154 |  144 |
|  124 |  156 |  152 |  106 |  154 |  144 |
|  127 |  150 |  152 |  106 |  154 |  144 |
|  127 |  150 |  152 |  105 |  154 |  144 |
|  124 |  150 |  150 |  107 |  147 |  147 |
|  126 |  151 |  152 |  105 |  153 |  144 |
|  126 |  152 |  152 |  105 |  154 |  144 |
|  126 |  151 |  152 |  105 |  154 |  145 |
|  124 |  157 |  152 |  106 |  154 |  144 |
|  124 |  157 |  152 |  105 |  154 |  144 |
|  131 |  142 |  152 |  104 |  153 |  144 |
|  132 |  141 |  152 |  105 |  154 |  144 |
|  125 |  157 |  152 |  105 |  153 |  144 |
|  125 |  158 |  152 |  104 |  154 |  144 |
|  130 |  145 |  152 |  105 |  154 |  144 |
|  130 |  146 |  152 |  105 |  154 |  144 |
|  126 |  159 |  152 |  106 |  154 |  144 |
|  128 |  152 |  152 |  105 |  154 |  144 |
|  125 |  155 |  152 |  105 |  154 |  144 |
|  125 |  155 |  152 |  105 |  154 |  144 |
|  131 |  142 |  152 |  105 |  154 |  144 |
|  132 |  141 |  152 |  105 |  154 |  144 |
|  124 |  156 |  152 |  106 |  154 |  144 |
|  127 |  153 |  152 |  105 |  154 |  144 |
|  125 |  158 |  152 |  105 |  154 |  144 |
|  125 |  159 |  152 |  105 |  153 |  144 |
|  132 |  143 |  152 |  105 |  154 |  144 |
|  131 |  144 |  152 |  105 |  154 |  144 |
|  132 |  142 |  152 |  105 |  154 |  144 |
|  124 |  160 |  151 |  105 |  154 |  144 |
|  128 |  152 |  152 |  105 |  154 |  144 |
|  125 |  157 |  152 |  106 |  154 |  144 |
|  131 |  143 |  152 |  105 |  154 |  145 |
|  130 |  142 |  152 |  105 |  154 |  144 |
|  124 |  159 |  152 |  106 |  154 |  144 |
|  125 |  157 |  151 |  106 |  153 |  144 |
|  126 |  153 |  152 |  105 |  154 |  144 |
|  128 |  150 |  152 |  105 |  154 |  144 |
|  125 |  157 |  151 |  105 |  154 |  144 |
|  130 |  148 |  152 |  105 |  154 |  144 |
|  125 |  160 |  152 |  105 |  154 |  144 |
|  132 |  143 |  152 |  105 |  154 |  144 |
|  131 |  142 |  152 |  105 |  154 |  144 |
|  127 |  154 |  152 |  105 |  154 |  144 |
|  125 |  156 |  152 |  106 |  154 |  144 |
|  127 |  152 |  152 |  106 |  154 |  144 |
|  124 |  156 |  152 |  106 |  154 |  144 |
|  132 |  141 |  152 |  105 |  154 |  144 |
|  131 |  143 |  152 |  105 |  154 |  144 |
|  124 |  159 |  152 |  105 |  153 |  144 |
|  125 |  156 |  152 |  105 |  153 |  144 |
|  125 |  159 |  152 |  105 |  153 |  144 |
|  124 |  159 |  152 |  105 |  154 |  144 |
|  132 |  142 |  152 |  105 |  154 |  144 |
|  131 |  144 |  152 |  105 |  154 |  144 |
|  127 |  152 |  152 |  105 |  154 |  144 |
|  125 |  157 |  152 |  106 |  154 |  144 |
|  125 |  155 |  152 |  105 |  155 |  144 |
|  131 |  142 |  152 |  105 |  154 |  144 |
|  131 |  142 |  152 |  105 |  154 |  144 |
|  132 |  140 |  152 |  106 |  153 |  143 |
|  125 |  156 |  152 |  106 |  154 |  144 |
|  119 |  167 |  151 |  106 |  153 |  144 |
|  125 |  157 |  152 |  106 |  154 |  144 |
|  124 |  158 |  152 |  105 |  153 |  144 |
|  131 |  143 |  152 |  105 |  154 |  144 |
|  131 |  141 |  152 |  104 |  154 |  144 |
|  125 |  155 |  152 |  105 |  154 |  144 |
|  124 |  160 |  152 |  105 |  154 |  144 |
|  125 |  157 |  152 |  106 |  154 |  144 |
|  131 |  144 |  152 |  105 |  154 |  144 |
|  126 |  153 |  152 |  105 |  154 |  144 |
|  130 |  145 |  152 |  105 |  154 |  144 |
|  125 |  152 |  152 |  106 |  154 |  144 |
|  124 |  159 |  152 |  105 |  154 |  144 |
|  127 |  152 |  152 |  105 |  154 |  144 |
|  125 |  159 |  152 |  105 |  153 |  144 |
|  132 |  143 |  152 |  105 |  154 |  144 |
|  126 |  153 |  152 |  105 |  154 |  144 |
|  125 |  158 |  152 |  105 |  154 |  144 |
|  126 |  157 |  152 |  105 |  153 |  144 |
|  125 |  155 |  152 |  105 |  154 |  144 |
|  126 |  152 |  151 |  106 |  154 |  144 |
|  131 |  142 |  152 |  105 |  154 |  144 |
|  124 |  156 |  152 |  106 |  154 |  144 |
|  128 |  148 |  151 |  106 |  153 |  144 |
|  127 |  152 |  152 |  105 |  153 |  144 |
|  125 |  156 |  152 |  105 |  154 |  144 |
|  131 |  144 |  152 |  105 |  154 |  144 |
|  128 |  150 |  152 |  105 |  154 |  144 |
|  124 |  160 |  152 |  106 |  154 |  144 |
|  126 |  157 |  152 |  105 |  154 |  144 |
|  128 |  151 |  152 |  105 |  154 |  144 |
|  128 |  189 |  149 |  105 |  153 |  144 |
|  125 |  161 |  152 |  105 |  154 |  144 |
|  124 |  158 |  152 |  106 |  154 |  144 |
|  124 |  157 |  152 |  106 |  154 |  144 |
|  127 |  148 |  152 |  105 |  154 |  144 |
|  130 |  145 |  152 |  105 |  154 |  144 |
|  127 |  150 |  152 |  105 |  154 |  144 |
|  125 |  161 |  151 |  105 |  155 |  144 |
|  124 |  155 |  152 |  106 |  154 |  144 |
|  132 |  140 |  152 |  105 |  154 |  144 |
|  131 |  141 |  152 |  105 |  154 |  144 |
|  132 |  143 |  152 |  105 |  154 |  144 |
|  125 |  156 |  152 |  105 |  153 |  144 |
|  126 |  152 |  151 |  106 |  154 |  144 |
|  130 |  144 |  152 |  105 |  154 |  144 |
|  124 |  155 |  152 |  105 |  154 |  144 |
|  132 |  145 |  152 |  106 |  154 |  145 |
|  125 |  160 |  152 |  105 |  154 |  144 |
|  124 |  159 |  152 |  105 |  154 |  144 |
|  125 |  157 |  152 |  106 |  154 |  144 |
|  127 |  151 |  152 |  105 |  154 |  144 |
|  130 |  143 |  152 |  105 |  154 |  144 |
|  133 |  140 |  152 |  105 |  154 |  144 |
|  130 |  145 |  152 |  105 |  154 |  144 |
|  124 |  156 |  152 |  106 |  154 |  144 |
|  125 |  156 |  152 |  105 |  154 |  144 |
|  130 |  143 |  152 |  105 |  154 |  144 |
|  130 |  145 |  152 |  105 |  154 |  144 |
|  126 |  155 |  152 |  105 |  153 |  144 |
|  125 |  152 |  152 |  105 |  154 |  144 |
|  124 |  159 |  152 |  106 |  154 |  144 |
|  127 |  152 |  152 |  105 |  154 |  144 |
|  125 |  155 |  152 |  105 |  154 |  144 |
|  128 |  149 |  152 |  105 |  154 |  144 |
|  130 |  146 |  152 |  105 |  154 |  144 |
|  126 |  153 |  152 |  106 |  154 |  144 |
|  126 |  153 |  152 |  105 |  153 |  144 |
|  127 |  153 |  152 |  105 |  154 |  144 |
|  125 |  156 |  151 |  105 |  153 |  144 |
|  133 |  141 |  152 |  105 |  154 |  144 |
|  127 |  150 |  152 |  105 |  154 |  144 |
|  124 |  159 |  151 |  105 |  154 |  144 |
|  131 |  144 |  152 |  105 |  154 |  144 |
|  125 |  160 |  152 |  105 |  154 |  144 |
|  124 |  159 |  152 |  105 |  154 |  144 |
|  125 |  157 |  152 |  106 |  154 |  144 |
|  125 |  154 |  152 |  105 |  154 |  144 |
|  124 |  159 |  152 |  105 |  154 |  144 |
|  132 |  142 |  152 |  105 |  154 |  144 |
|  125 |  154 |  152 |  105 |  154 |  144 |
|  127 |  153 |  152 |  105 |  154 |  144 |
|  130 |  147 |  152 |  105 |  154 |  144 |
|  125 |  158 |  152 |  105 |  154 |  144 |
|  130 |  143 |  152 |  105 |  154 |  144 |
|  132 |  143 |  152 |  105 |  154 |  144 |
|  125 |  157 |  152 |  105 |  154 |  144 |
|  121 |  162 |  151 |  106 |  153 |  144 |
|  128 |  156 |  150 |  106 |  152 |  145 |
|  124 |  157 |  152 |  106 |  154 |  144 |
|  126 |  154 |  152 |  105 |  154 |  144 |
|  125 |  157 |  152 |  105 |  154 |  144 |
|  126 |  154 |  152 |  105 |  154 |  144 |
|  128 |  148 |  152 |  106 |  154 |  144 |
|  124 |  156 |  151 |  105 |  154 |  144 |
|  129 |  148 |  152 |  105 |  154 |  144 |
|  132 |  143 |  152 |  105 |  154 |  144 |
|  131 |  143 |  152 |  105 |  154 |  144 |
|  132 |  143 |  152 |  105 |  154 |  144 |
|  124 |  155 |  151 |  105 |  154 |  142 |
|  125 |  153 |  151 |  105 |  154 |  144 |
|  130 |  145 |  152 |  105 |  154 |  144 |
|  132 |  142 |  152 |  105 |  154 |  144 |
|  132 |  142 |  152 |  105 |  154 |  144 |
|  125 |  157 |  152 |  105 |  154 |  144 |
|  124 |  161 |  152 |  105 |  154 |  144 |
|  125 |  157 |  152 |  105 |  154 |  144 |
|  132 |  143 |  151 |  105 |  153 |  144 |
|  131 |  141 |  152 |  105 |  154 |  144 |
|  127 |  153 |  152 |  105 |  154 |  144 |
|  129 |  148 |  153 |  105 |  155 |  144 |
|  125 |  156 |  152 |  105 |  154 |  144 |
|  125 |  154 |  152 |  105 |  154 |  144 |
|  132 |  140 |  152 |  105 |  154 |  144 |
|  128 |  149 |  152 |  105 |  154 |  144 |
|  132 |  142 |  152 |  105 |  154 |  144 |
|  125 |  154 |  152 |  105 |  154 |  144 |
|  129 |  147 |  152 |  105 |  154 |  144 |
|  128 |  147 |  152 |  105 |  154 |  144 |
|  124 |  159 |  152 |  105 |  154 |  144 |
|  132 |  141 |  152 |  105 |  154 |  144 |
|  125 |  158 |  152 |  105 |  154 |  144 |
|  125 |  156 |  152 |  105 |  154 |  144 |
|  129 |  146 |  152 |  105 |  154 |  144 |
|  128 |  151 |  152 |  105 |  154 |  144 |
|  125 |  156 |  152 |  106 |  154 |  144 |
|  132 |  131 |  152 |  104 |  154 |  144 |
|  124 |  159 |  152 |  105 |  154 |  144 |
|  132 |  142 |  152 |  105 |  154 |  144 |
|  125 |  159 |  151 |  106 |  153 |  145 |
|  127 |  153 |  152 |  105 |  154 |  144 |
|  125 |  157 |  152 |  106 |  154 |  144 |
|  127 |  130 |  152 |  105 |  154 |  143 |
|  124 |  157 |  152 |  106 |  154 |  144 |
|  125 |  157 |  152 |  105 |  154 |  144 |
|  131 |  143 |  152 |  105 |  154 |  144 |
|  123 |  152 |  150 |  107 |  147 |  147 |
|  126 |  156 |  152 |  106 |  154 |  144 |
|  124 |  158 |  152 |  105 |  154 |  144 |
|  130 |  146 |  152 |  105 |  154 |  144 |
|  128 |  149 |  152 |  105 |  154 |  144 |
|  125 |  155 |  152 |  105 |  154 |  144 |
|  126 |  156 |  152 |  105 |  154 |  144 |
|  124 |  159 |  152 |  106 |  154 |  144 |
|  124 |  161 |  152 |  106 |  154 |  144 |
|  132 |  141 |  153 |  105 |  154 |  144 |
|  131 |  143 |  152 |  105 |  154 |  144 |
|  132 |  142 |  152 |  105 |  154 |  144 |
|  126 |  155 |  152 |  105 |  154 |  145 |
|  124 |  158 |  152 |  105 |  153 |  144 |
|  126 |  156 |  152 |  106 |  153 |  144 |
|  125 |  158 |  151 |  106 |  154 |  144 |
|  131 |  144 |  152 |  105 |  154 |  144 |
|  131 |  142 |  152 |  105 |  154 |  144 |
|  127 |  154 |  152 |  105 |  154 |  144 |
|  124 |  159 |  152 |  105 |  154 |  144 |
|  125 |  159 |  152 |  105 |  154 |  144 |
|  131 |  145 |  152 |  105 |  154 |  144 |
|  132 |  141 |  152 |  105 |  154 |  144 |
|  130 |  145 |  152 |  105 |  154 |  144 |
|  125 |  158 |  152 |  105 |  153 |  144 |
|  123 |  156 |  151 |  105 |  154 |  144 |
|  125 |  154 |  152 |  106 |  154 |  144 |
|  130 |  143 |  152 |  105 |  154 |  144 |
|  124 |  158 |  152 |  106 |  154 |  144 |
|  126 |  153 |  152 |  105 |  153 |  144 |
|  124 |  157 |  152 |  105 |  154 |  144 |
|  128 |  148 |  152 |  105 |  152 |  144 |
|  126 |  155 |  152 |  105 |  154 |  144 |
|  132 |  142 |  152 |  105 |  154 |  144 |
|  128 |  149 |  152 |  106 |  152 |  145 |
|  125 |  156 |  152 |  106 |  154 |  144 |
|  130 |  147 |  152 |  105 |  154 |  144 |
|  127 |  152 |  152 |  106 |  154 |  144 |
|  124 |  160 |  152 |  105 |  154 |  144 |
|  123 |  145 |  152 |  105 |  153 |  143 |
|  124 |  151 |  152 |  105 |  154 |  144 |
|  124 |  154 |  152 |  106 |  154 |  145 |
|  132 |  142 |  152 |  105 |  153 |  144 |
|  124 |  160 |  152 |  105 |  154 |  144 |
|  128 |  151 |  152 |  105 |  154 |  144 |
|  125 |  158 |  152 |  105 |  153 |  144 |
|  126 |  155 |  152 |  106 |  154 |  144 |
|  131 |  145 |  152 |  105 |  154 |  144 |
|  132 |  141 |  152 |  105 |  154 |  144 |
|  130 |  145 |  152 |  105 |  154 |  144 |
|  126 |  153 |  152 |  105 |  154 |  144 |
|  121 |  161 |  151 |  106 |  153 |  144 |
|  124 |  160 |  152 |  106 |  153 |  144 |
|  130 |  147 |  150 |  106 |  152 |  145 |
|  133 |  141 |  152 |  105 |  154 |  144 |
|  131 |  144 |  152 |  105 |  154 |  144 |
|  127 |  152 |  152 |  104 |  154 |  144 |
|  124 |  156 |  152 |  106 |  154 |  144 |
|  125 |  159 |  152 |  105 |  154 |  144 |
|  128 |  152 |  152 |  105 |  154 |  144 |
|  125 |  155 |  152 |  105 |  154 |  144 |
|  132 |  141 |  152 |  105 |  154 |  144 |
|  125 |  155 |  152 |  105 |  154 |  144 |
|  124 |  156 |  152 |  106 |  154 |  144 |
|  130 |  141 |  152 |  105 |  154 |  144 |
|  132 |  140 |  152 |  105 |  154 |  144 |
|  125 |  157 |  152 |  105 |  154 |  144 |
|  132 |  141 |  152 |  105 |  154 |  144 |
|  125 |  154 |  152 |  106 |  154 |  144 |
|  126 |  152 |  152 |  106 |  154 |  144 |
|  124 |  156 |  152 |  106 |  153 |  145 |
|  132 |  140 |  152 |  105 |  154 |  144 |
|  125 |  156 |  152 |  106 |  154 |  145 |
|  125 |  157 |  152 |  106 |  152 |  144 |
|  124 |  159 |  152 |  106 |  154 |  144 |
|  125 |  157 |  151 |  105 |  154 |  145 |
|  126 |  151 |  152 |  106 |  154 |  144 |
|  130 |  142 |  152 |  105 |  154 |  144 |
|  132 |  142 |  152 |  106 |  154 |  143 |
|  125 |  152 |  152 |  105 |  154 |  144 |
|  124 |  161 |  152 |  106 |  154 |  144 |
|  125 |  152 |  152 |  105 |  153 |  144 |
|  124 |  163 |  152 |  106 |  154 |  144 |
|  131 |  142 |  152 |  105 |  154 |  144 |
|  131 |  140 |  152 |  105 |  154 |  144 |
|  125 |  154 |  152 |  105 |  154 |  144 |
|  132 |  141 |  152 |  105 |  154 |  144 |
|  125 |  153 |  152 |  106 |  154 |  144 |
|  124 |  157 |  152 |  106 |  154 |  144 |
|  131 |  141 |  152 |  105 |  154 |  144 |
|  124 |  147 |  152 |  106 |  154 |  144 |
|  126 |  152 |  152 |  106 |  154 |  144 |
|  130 |  146 |  152 |  105 |  154 |  144 |
|  124 |  156 |  152 |  106 |  154 |  144 |
|  124 |  159 |  152 |  106 |  154 |  144 |
|  132 |  141 |  152 |  105 |  154 |  144 |
|  124 |  155 |  152 |  106 |  154 |  144 |
|  132 |  140 |  152 |  105 |  154 |  144 |
|  131 |  143 |  152 |  105 |  154 |  144 |
|  128 |  149 |  152 |  106 |  154 |  144 |
|  124 |  155 |  152 |  106 |  154 |  144 |
|  125 |  153 |  152 |  106 |  154 |  144 |
|  124 |  153 |  152 |  105 |  154 |  144 |
|  124 |  158 |  152 |  105 |  153 |  144 |
|  131 |  143 |  152 |  105 |  154 |  144 |
|  124 |  155 |  152 |  106 |  154 |  144 |
|  128 |  145 |  151 |  106 |  154 |  144 |
|  124 |  157 |  152 |  106 |  154 |  144 |
|  130 |  144 |  152 |  105 |  154 |  144 |
|  124 |  156 |  153 |  105 |  152 |  144 |
|  130 |  143 |  152 |  105 |  154 |  144 |
|  125 |  157 |  152 |  106 |  154 |  144 |
|  123 |  156 |  152 |  106 |  154 |  145 |
|  124 |  157 |  152 |  106 |  154 |  144 |
|  132 |  140 |  152 |  105 |  154 |  144 |
|  130 |  143 |  152 |  106 |  154 |  144 |
|  131 |  146 |  152 |  105 |  154 |  144 |
|  131 |  145 |  152 |  105 |  154 |  144 |
|  124 |  157 |  152 |  106 |  154 |  144 |
|  125 |  158 |  152 |  106 |  154 |  144 |
|  124 |  156 |  152 |  106 |  154 |  144 |
|  133 |  141 |  152 |  105 |  154 |  144 |
|  130 |  145 |  152 |  105 |  154 |  144 |
|  125 |  160 |  151 |  105 |  154 |  144 |
|  124 |  158 |  152 |  105 |  154 |  145 |
|  125 |  156 |  152 |  106 |  154 |  144 |
|  125 |  153 |  152 |  106 |  154 |  145 |
|  132 |  142 |  152 |  105 |  154 |  144 |
|  130 |  144 |  152 |  105 |  154 |  144 |
|  126 |  153 |  152 |  106 |  154 |  144 |
|  126 |  151 |  152 |  106 |  154 |  144 |
|  130 |  142 |  152 |  106 |  154 |  144 |
|  125 |  164 |  151 |  105 |  154 |  144 |
|  124 |  161 |  152 |  106 |  154 |  145 |
|  124 |  159 |  152 |  105 |  154 |  145 |
|  124 |  157 |  152 |  106 |  154 |  144 |
|  132 |  140 |  152 |  105 |  154 |  144 |
|  125 |  152 |  152 |  106 |  154 |  144 |
|  125 |  157 |  152 |  105 |  154 |  144 |
|  126 |  153 |  152 |  106 |  154 |  144 |
|  125 |  153 |  152 |  106 |  154 |  144 |
|  130 |  142 |  152 |  105 |  154 |  144 |
|  132 |  139 |  152 |  105 |  154 |  144 |
|  125 |  152 |  152 |  105 |  154 |  144 |
|  126 |  149 |  152 |  106 |  154 |  144 |
|  124 |  156 |  152 |  106 |  154 |  144 |
|  125 |  156 |  152 |  106 |  154 |  144 |
|  131 |  141 |  152 |  105 |  154 |  144 |
|  124 |  159 |  152 |  105 |  154 |  144 |
|  126 |  154 |  152 |  105 |  154 |  144 |
|  124 |  158 |  152 |  106 |  154 |  144 |
|  125 |  155 |  152 |  106 |  154 |  144 |
|  130 |  143 |  152 |  106 |  154 |  144 |
|  124 |  159 |  152 |  106 |  154 |  144 |
|  130 |  144 |  152 |  105 |  153 |  144 |
|  126 |  154 |  151 |  106 |  153 |  144 |
|  126 |  159 |  152 |  106 |  153 |  144 |
|  124 |  155 |  152 |  106 |  154 |  144 |
|  131 |  141 |  152 |  105 |  154 |  144 |
|  130 |  143 |  152 |  106 |  154 |  145 |
|  130 |  146 |  152 |  105 |  154 |  144 |
|  128 |  150 |  152 |  105 |  154 |  144 |
|  123 |  158 |  152 |  106 |  154 |  145 |
|  125 |  131 |  152 |  105 |  154 |  144 |
|  131 |  141 |  152 |  105 |  154 |  144 |
|  125 |  157 |  152 |  105 |  154 |  144 |
|  132 |  142 |  152 |  105 |  154 |  144 |
|  125 |  156 |  152 |  105 |  154 |  144 |
|  124 |  158 |  152 |  106 |  154 |  145 |
|  124 |  158 |  152 |  106 |  154 |  145 |
|  133 |  139 |  152 |  105 |  154 |  144 |
|  131 |  144 |  152 |  105 |  154 |  144 |
|  132 |  142 |  152 |  105 |  154 |  144 |
|  125 |  153 |  152 |  106 |  154 |  144 |
|  125 |  152 |  152 |  106 |  154 |  145 |
|  124 |  154 |  152 |  106 |  154 |  144 |
|  132 |  143 |  152 |  105 |  154 |  144 |
|  131 |  142 |  152 |  105 |  154 |  144 |
|  124 |  158 |  152 |  105 |  154 |  144 |
|  124 |  159 |  152 |  106 |  154 |  144 |
|  124 |  156 |  152 |  106 |  154 |  144 |
|  126 |  132 |  153 |  105 |  153 |  144 |
|  131 |  143 |  152 |  106 |  154 |  144 |
|  131 |  143 |  152 |  105 |  154 |  144 |
|  124 |  155 |  152 |  105 |  153 |  145 |
|  131 |  143 |  152 |  105 |  154 |  144 |
|  124 |  157 |  152 |  106 |  154 |  144 |
|  124 |  160 |  151 |  106 |  154 |  145 |
|  126 |  155 |  152 |  105 |  154 |  144 |
|  126 |  155 |  152 |  105 |  154 |  144 |
|  124 |  160 |  152 |  106 |  154 |  145 |
|  132 |  139 |  152 |  105 |  154 |  144 |
|  124 |  158 |  152 |  106 |  154 |  145 |
|  125 |  158 |  152 |  105 |  154 |  144 |
|  125 |  158 |  152 |  106 |  154 |  144 |
|  124 |  156 |  152 |  106 |  154 |  145 |
|  132 |  140 |  152 |  105 |  154 |  144 |
|  131 |  140 |  152 |  106 |  154 |  144 |
|  132 |  142 |  152 |  105 |  153 |  144 |
|  120 |  165 |  151 |  106 |  153 |  144 |
|  124 |  158 |  152 |  106 |  154 |  144 |
|  124 |  157 |  152 |  106 |  154 |  144 |
|  132 |  140 |  152 |  105 |  154 |  144 |
|  130 |  142 |  152 |  106 |  154 |  144 |
|  132 |  141 |  152 |  105 |  154 |  144 |
|  124 |  159 |  152 |  106 |  154 |  144 |
|  124 |  158 |  152 |  106 |  154 |  144 |
|  130 |  143 |  152 |  106 |  154 |  144 |
|  124 |  157 |  152 |  106 |  154 |  145 |
|  129 |  150 |  151 |  106 |  153 |  144 |
|  125 |  158 |  152 |  105 |  154 |  144 |
|  125 |  154 |  152 |  106 |  154 |  145 |
|  125 |  156 |  151 |  106 |  154 |  144 |
|  132 |  141 |  152 |  105 |  154 |  144 |
|  128 |  147 |  152 |  106 |  154 |  144 |
|  132 |  142 |  152 |  105 |  154 |  144 |
|  125 |  156 |  152 |  106 |  154 |  144 |
|  124 |  158 |  152 |  106 |  154 |  144 |
|  126 |  152 |  152 |  106 |  154 |  145 |
|  129 |  145 |  152 |  106 |  154 |  145 |
|  130 |  143 |  152 |  105 |  154 |  144 |
|  132 |  142 |  152 |  105 |  154 |  144 |
|  130 |  146 |  152 |  105 |  154 |  144 |
|  123 |  161 |  152 |  106 |  154 |  144 |
|  126 |  151 |  152 |  106 |  154 |  144 |
|  125 |  159 |  152 |  106 |  154 |  144 |
|  133 |  140 |  152 |  105 |  154 |  144 |
|  124 |  160 |  152 |  105 |  154 |  144 |
|  126 |  147 |  151 |  105 |  155 |  144 |
|  125 |  155 |  152 |  106 |  154 |  145 |
|  127 |  149 |  152 |  105 |  154 |  144 |
|  125 |  157 |  153 |  106 |  153 |  144 |
|  132 |  139 |  152 |  106 |  154 |  144 |
|  131 |  141 |  152 |  106 |  154 |  144 |
|  125 |  157 |  152 |  106 |  154 |  144 |
|  131 |  143 |  152 |  106 |  154 |  145 |
|  126 |  154 |  152 |  106 |  154 |  144 |
|  124 |  161 |  152 |  106 |  154 |  145 |
|  131 |  145 |  152 |  105 |  154 |  144 |
|  127 |  155 |  151 |  105 |  155 |  142 |
|  126 |  155 |  152 |  106 |  154 |  145 |
|  131 |  141 |  152 |  105 |  154 |  144 |
|  125 |  156 |  152 |  106 |  154 |  144 |
|  124 |  157 |  152 |  106 |  153 |  145 |
|  127 |  151 |  152 |  106 |  154 |  145 |
|  125 |  157 |  152 |  106 |  154 |  145 |
|  131 |  142 |  152 |  106 |  154 |  144 |
|  125 |  157 |  152 |  106 |  154 |  145 |
|  128 |  150 |  152 |  105 |  154 |  144 |
|  128 |  148 |  152 |  105 |  154 |  144 |
|  125 |  156 |  152 |  106 |  154 |  144 |
|  125 |  161 |  152 |  106 |  154 |  145 |
|  124 |  160 |  152 |  106 |  154 |  144 |
|  130 |  143 |  152 |  105 |  154 |  145 |
|  130 |  144 |  152 |  106 |  154 |  145 |
|  126 |  151 |  152 |  106 |  154 |  145 |
|  125 |  156 |  152 |  106 |  154 |  145 |
|  131 |  143 |  152 |  105 |  154 |  144 |
|  131 |  143 |  152 |  106 |  154 |  144 |
|  126 |  152 |  152 |  106 |  154 |  144 |
|  129 |  148 |  152 |  105 |  154 |  144 |
|  125 |  155 |  152 |  106 |  154 |  144 |
|  125 |  159 |  152 |  106 |  154 |  145 |
|  131 |  142 |  152 |  105 |  154 |  144 |
|  131 |  143 |  152 |  105 |  154 |  144 |
|  129 |  148 |  151 |  106 |  152 |  145 |
|  124 |  158 |  152 |  106 |  154 |  144 |
|  124 |  155 |  152 |  106 |  154 |  145 |
|  125 |  151 |  152 |  106 |  154 |  145 |
|  125 |  155 |  152 |  106 |  154 |  145 |
|  127 |  150 |  152 |  106 |  154 |  144 |
|  131 |  142 |  152 |  106 |  154 |  145 |
|  126 |  155 |  152 |  106 |  154 |  145 |
|  125 |  160 |  152 |  106 |  154 |  145 |
|  126 |  154 |  152 |  106 |  154 |  144 |
|  130 |  148 |  152 |  106 |  154 |  144 |
|  132 |  144 |  152 |  105 |  154 |  144 |
|  125 |  152 |  152 |  105 |  154 |  144 |
|  127 |  155 |  152 |  106 |  154 |  144 |
|  126 |  156 |  152 |  106 |  154 |  145 |
|  127 |  147 |  152 |  106 |  154 |  145 |
|  125 |  157 |  152 |  106 |  154 |  144 |
|  124 |  156 |  152 |  106 |  154 |  145 |
|  125 |  153 |  152 |  106 |  154 |  145 |
|  125 |  153 |  152 |  106 |  154 |  142 |
|  124 |  158 |  152 |  106 |  154 |  145 |
|  127 |  150 |  152 |  105 |  154 |  144 |
|  126 |  157 |  152 |  106 |  155 |  144 |
|  130 |  145 |  152 |  105 |  154 |  144 |
|  125 |  152 |  152 |  106 |  154 |  145 |
|  130 |  146 |  152 |  106 |  154 |  145 |
|  132 |  142 |  152 |  105 |  154 |  144 |
|  126 |  153 |  152 |  106 |  154 |  145 |
|  127 |  153 |  152 |  106 |  154 |  144 |
|  125 |  155 |  152 |  106 |  154 |  145 |
|  125 |  151 |  152 |  106 |  154 |  144 |
|  128 |  147 |  152 |  106 |  154 |  145 |
|  124 |  156 |  152 |  106 |  154 |  145 |
|  125 |  156 |  152 |  106 |  154 |  145 |
|  125 |  157 |  152 |  106 |  154 |  145 |
|  126 |  156 |  152 |  106 |  154 |  144 |
|  131 |  143 |  152 |  106 |  154 |  145 |
|  131 |  131 |  152 |  105 |  154 |  144 |
|  131 |  145 |  152 |  105 |  154 |  145 |
|  126 |  154 |  152 |  106 |  154 |  144 |
|  124 |  159 |  152 |  106 |  154 |  144 |
|  124 |  160 |  152 |  106 |  153 |  145 |
|  125 |  157 |  152 |  106 |  153 |  145 |
|  126 |  156 |  152 |  105 |  154 |  145 |
|  131 |  145 |  152 |  106 |  155 |  144 |
|  132 |  143 |  152 |  106 |  154 |  144 |
|  125 |  158 |  152 |  106 |  154 |  144 |
|  124 |  160 |  152 |  106 |  153 |  145 |
|  130 |  144 |  152 |  106 |  154 |  145 |
|  130 |  144 |  152 |  106 |  154 |  144 |
|  126 |  154 |  151 |  105 |  154 |  144 |
|  125 |  158 |  152 |  106 |  154 |  145 |
|  125 |  159 |  152 |  106 |  154 |  145 |
|  126 |  156 |  152 |  105 |  154 |  144 |
|  128 |  148 |  152 |  106 |  154 |  145 |
|  130 |  146 |  152 |  105 |  154 |  144 |
|  132 |  141 |  152 |  106 |  154 |  145 |
|  126 |  157 |  152 |  106 |  154 |  145 |
|  126 |  152 |  152 |  106 |  154 |  144 |
|  125 |  159 |  152 |  106 |  154 |  145 |
|  130 |  147 |  152 |  105 |  154 |  144 |
|  131 |  143 |  152 |  106 |  154 |  145 |
|  124 |  158 |  152 |  106 |  154 |  144 |
|  124 |  160 |  151 |  106 |  154 |  145 |
|  127 |  151 |  152 |  106 |  154 |  145 |
|  125 |  155 |  152 |  106 |  154 |  145 |
|  128 |  151 |  151 |  106 |  154 |  145 |
|  132 |  141 |  152 |  105 |  154 |  144 |
|  124 |  157 |  152 |  106 |  154 |  144 |
|  133 |  141 |  151 |  106 |  154 |  145 |
|  126 |  152 |  152 |  106 |  154 |  145 |
|  130 |  148 |  152 |  105 |  154 |  145 |
|  126 |  154 |  152 |  106 |  154 |  145 |
|  127 |  155 |  152 |  106 |  154 |  145 |
|  125 |  158 |  152 |  105 |  154 |  144 |
|  130 |  146 |  152 |  106 |  154 |  145 |
|  131 |  144 |  152 |  106 |  154 |  144 |
|  124 |  160 |  152 |  106 |  154 |  144 |
|  125 |  157 |  152 |  106 |  153 |  145 |
|  125 |  156 |  152 |  106 |  153 |  144 |
|  128 |  151 |  152 |  106 |  154 |  145 |
|  125 |  157 |  152 |  106 |  154 |  144 |
|  132 |  144 |  152 |  105 |  154 |  144 |
|  125 |  154 |  152 |  106 |  154 |  145 |
|  125 |  156 |  152 |  106 |  154 |  144 |
|  125 |  159 |  152 |  106 |  155 |  145 |
|  133 |  141 |  152 |  105 |  154 |  144 |
|  128 |  148 |  152 |  105 |  154 |  144 |
|  134 |  141 |  151 |  105 |  153 |  145 |
|  126 |  156 |  152 |  105 |  154 |  143 |
|  125 |  157 |  152 |  106 |  154 |  145 |
|  130 |  146 |  152 |  105 |  154 |  145 |
|  124 |  158 |  152 |  106 |  154 |  145 |
|  130 |  143 |  152 |  106 |  154 |  144 |
|  125 |  158 |  152 |  105 |  154 |  144 |
|  126 |  154 |  152 |  105 |  154 |  144 |
|  124 |  159 |  152 |  106 |  154 |  145 |
|  132 |  142 |  152 |  105 |  154 |  144 |
|  128 |  153 |  152 |  105 |  154 |  145 |
|  132 |  142 |  152 |  105 |  154 |  144 |
|  129 |  147 |  152 |  106 |  154 |  145 |
|  127 |  152 |  152 |  106 |  154 |  145 |
|  125 |  157 |  152 |  105 |  154 |  144 |
|  125 |  155 |  152 |  106 |  154 |  144 |
|  130 |  145 |  152 |  105 |  154 |  144 |
|  132 |  141 |  152 |  105 |  154 |  144 |
|  124 |  159 |  152 |  106 |  154 |  144 |
|  124 |  158 |  152 |  106 |  154 |  144 |
|  127 |  154 |  152 |  105 |  154 |  145 |
|  125 |  160 |  152 |  106 |  154 |  145 |
|  129 |  151 |  153 |  106 |  154 |  144 |
|  131 |  144 |  152 |  105 |  154 |  145 |
|  125 |  156 |  152 |  106 |  154 |  145 |
|  125 |  155 |  152 |  105 |  154 |  144 |
|  125 |  152 |  152 |  105 |  154 |  145 |
|  127 |  153 |  152 |  106 |  154 |  145 |
|  132 |  141 |  152 |  105 |  154 |  144 |
|  130 |  145 |  152 |  105 |  154 |  144 |
|  125 |  155 |  152 |  106 |  154 |  145 |
|  125 |  159 |  152 |  106 |  154 |  144 |
|  125 |  155 |  152 |  106 |  154 |  145 |
|  125 |  159 |  152 |  106 |  154 |  145 |
|  126 |  152 |  152 |  105 |  154 |  144 |
|  125 |  160 |  152 |  105 |  154 |  145 |
|  125 |  161 |  152 |  106 |  154 |  144 |
|  132 |  144 |  152 |  105 |  154 |  144 |
|  125 |  156 |  152 |  105 |  154 |  144 |
|  126 |  156 |  152 |  106 |  154 |  145 |
|  130 |  146 |  152 |  106 |  154 |  144 |
|  125 |  157 |  152 |  106 |  152 |  145 |
|  131 |  143 |  152 |  105 |  154 |  144 |
|  132 |  142 |  152 |  105 |  154 |  144 |
|  127 |  153 |  152 |  106 |  154 |  144 |
|  125 |  154 |  152 |  105 |  154 |  144 |
|  125 |  157 |  152 |  106 |  154 |  145 |
|  124 |  155 |  152 |  106 |  154 |  144 |
|  130 |  142 |  152 |  106 |  154 |  145 |
|  125 |  155 |  152 |  106 |  154 |  145 |
|  130 |  147 |  152 |  105 |  154 |  145 |
|  125 |  158 |  152 |  106 |  154 |  145 |
|  122 |  153 |  149 |  107 |  147 |  147 |
|  130 |  144 |  152 |  106 |  154 |  145 |
|  132 |  146 |  152 |  106 |  154 |  145 |
|  129 |  144 |  152 |  106 |  154 |  144 |
|  132 |  141 |  152 |  105 |  154 |  144 |
|  127 |  154 |  151 |  106 |  155 |  144 |
|  125 |  156 |  152 |  106 |  154 |  145 |
|  130 |  143 |  152 |  106 |  154 |  145 |
|  131 |  143 |  152 |  105 |  154 |  145 |
|  130 |  144 |  152 |  105 |  154 |  145 |
|  129 |  148 |  152 |  105 |  154 |  144 |
|  123 |  161 |  151 |  106 |  153 |  145 |
|  125 |  155 |  152 |  106 |  154 |  144 |
|  127 |  152 |  152 |  105 |  154 |  144 |
|  125 |  160 |  152 |  105 |  154 |  144 |
|  125 |  159 |  152 |  106 |  154 |  144 |
|  125 |  156 |  152 |  106 |  154 |  145 |
|  124 |  154 |  152 |  106 |  154 |  145 |
|  124 |  157 |  152 |  106 |  154 |  145 |
|  126 |  152 |  152 |  106 |  154 |  145 |
|  124 |  159 |  152 |  106 |  154 |  145 |
|  132 |  142 |  152 |  106 |  154 |  145 |
|  125 |  159 |  152 |  105 |  154 |  144 |
|  126 |  159 |  152 |  106 |  154 |  145 |
|  125 |  155 |  152 |  105 |  154 |  144 |
|  124 |  159 |  152 |  106 |  153 |  145 |
|  131 |  145 |  152 |  105 |  154 |  144 |
|  125 |  159 |  152 |  106 |  154 |  145 |
|  124 |  160 |  152 |  106 |  153 |  144 |
|  125 |  158 |  152 |  106 |  154 |  145 |
|  124 |  157 |  153 |  106 |  155 |  145 |
|  125 |  154 |  152 |  106 |  154 |  144 |
|  132 |  140 |  152 |  106 |  154 |  144 |
|  124 |  154 |  151 |  106 |  154 |  145 |
|  129 |  143 |  152 |  106 |  154 |  145 |
|  130 |  147 |  152 |  106 |  154 |  144 |
|  125 |  152 |  151 |  106 |  154 |  145 |
|  124 |  156 |  152 |  106 |  154 |  145 |
|  126 |  151 |  152 |  106 |  154 |  144 |
|  124 |  157 |  152 |  106 |  154 |  145 |
|  128 |  147 |  152 |  105 |  154 |  144 |
|  131 |  145 |  152 |  105 |  154 |  144 |
|  124 |  159 |  152 |  106 |  153 |  145 |
|  125 |  157 |  152 |  106 |  154 |  145 |
|  124 |  161 |  152 |  106 |  154 |  144 |
|  129 |  148 |  152 |  105 |  154 |  145 |
|  130 |  146 |  152 |  106 |  154 |  145 |
|  132 |  142 |  152 |  105 |  154 |  144 |
|  126 |  156 |  152 |  106 |  154 |  145 |
|  125 |  157 |  152 |  106 |  153 |  144 |
|  124 |  160 |  152 |  106 |  154 |  145 |
|  132 |  143 |  152 |  105 |  154 |  144 |
|  131 |  142 |  151 |  106 |  153 |  144 |
|  125 |  159 |  152 |  106 |  154 |  145 |
|  131 |  141 |  152 |  105 |  154 |  144 |
|  125 |  156 |  152 |  106 |  154 |  145 |
|  127 |  153 |  152 |  106 |  154 |  144 |
|  124 |  160 |  152 |  106 |  154 |  145 |
|  131 |  145 |  152 |  105 |  154 |  144 |
|  125 |  159 |  152 |  106 |  154 |  144 |
|  126 |  154 |  152 |  106 |  154 |  145 |
|  124 |  158 |  152 |  106 |  154 |  145 |
|  125 |  158 |  152 |  106 |  154 |  145 |
|  130 |  146 |  152 |  105 |  154 |  144 |
|  132 |  140 |  152 |  105 |  154 |  144 |
|  130 |  143 |  152 |  105 |  154 |  144 |
|  124 |  158 |  152 |  106 |  154 |  145 |
|  125 |  155 |  152 |  106 |  154 |  145 |
|  125 |  157 |  152 |  105 |  154 |  144 |
|  131 |  145 |  152 |  105 |  154 |  145 |
|  132 |  143 |  152 |  105 |  154 |  144 |
|  125 |  158 |  152 |  106 |  154 |  145 |
|  125 |  156 |  152 |  105 |  154 |  144 |
|  126 |  153 |  152 |  105 |  154 |  144 |
|  125 |  159 |  152 |  106 |  154 |  144 |
|  132 |  142 |  152 |  105 |  154 |  144 |
|  127 |  158 |  152 |  106 |  153 |  145 |
|  126 |  158 |  152 |  106 |  154 |  145 |
|  127 |  150 |  152 |  106 |  154 |  145 |
|  127 |  150 |  152 |  106 |  154 |  144 |
|  123 |  158 |  152 |  106 |  154 |  143 |
|  125 |  153 |  152 |  106 |  154 |  144 |
|  125 |  154 |  152 |  106 |  154 |  145 |
|  125 |  156 |  152 |  106 |  154 |  144 |
|  131 |  145 |  152 |  105 |  154 |  144 |
|  133 |  141 |  152 |  105 |  154 |  144 |
|  125 |  156 |  152 |  106 |  154 |  145 |
|  124 |  159 |  152 |  106 |  154 |  145 |
|  124 |  159 |  152 |  106 |  154 |  144 |
|  125 |  163 |  152 |  106 |  153 |  145 |
|  131 |  144 |  152 |  106 |  154 |  145 |
|  128 |  149 |  152 |  106 |  154 |  145 |
|  127 |  154 |  152 |  106 |  154 |  145 |
|  125 |  158 |  153 |  106 |  153 |  145 |
|  124 |  157 |  152 |  106 |  154 |  145 |
|  130 |  145 |  152 |  105 |  154 |  144 |
|  132 |  141 |  152 |  105 |  154 |  144 |
|  125 |  156 |  152 |  106 |  154 |  144 |
|  127 |  153 |  152 |  106 |  154 |  145 |
|  126 |  152 |  152 |  106 |  155 |  144 |
|  124 |  158 |  152 |  106 |  154 |  145 |
|  131 |  144 |  152 |  105 |  154 |  144 |
|  124 |  164 |  152 |  106 |  153 |  144 |
|  131 |  142 |  152 |  105 |  154 |  144 |
|  125 |  159 |  152 |  106 |  154 |  145 |
|  124 |  159 |  152 |  106 |  153 |  144 |
|  130 |  144 |  152 |  105 |  154 |  142 |
|  131 |  142 |  152 |  105 |  154 |  144 |
|  131 |  146 |  152 |  106 |  154 |  145 |
|  132 |  142 |  152 |  106 |  154 |  145 |
|  124 |  160 |  152 |  106 |  154 |  145 |
|  124 |  158 |  152 |  106 |  154 |  145 |
|  124 |  157 |  151 |  106 |  153 |  145 |
|  127 |  152 |  152 |  106 |  154 |  144 |
|  131 |  143 |  152 |  106 |  154 |  144 |
|  133 |  142 |  152 |  105 |  154 |  144 |
|  124 |  157 |  152 |  106 |  154 |  145 |
|  124 |  158 |  152 |  106 |  154 |  145 |
|  125 |  158 |  152 |  106 |  154 |  145 |
|  124 |  158 |  152 |  106 |  154 |  143 |
|  131 |  141 |  152 |  105 |  154 |  144 |
|  126 |  153 |  152 |  106 |  154 |  145 |
|  125 |  156 |  152 |  106 |  154 |  144 |
|  125 |  156 |  152 |  106 |  154 |  144 |
|  124 |  157 |  152 |  106 |  154 |  145 |
|  130 |  145 |  152 |  106 |  154 |  145 |
|  131 |  143 |  152 |  106 |  154 |  145 |
|  124 |  158 |  152 |  106 |  154 |  145 |
|  132 |  150 |  152 |  106 |  154 |  145 |
|  126 |  152 |  152 |  106 |  154 |  144 |
|  125 |  156 |  152 |  106 |  154 |  145 |
|  127 |  150 |  152 |  106 |  152 |  145 |
|  126 |  157 |  152 |  106 |  154 |  145 |
|  124 |  161 |  152 |  106 |  154 |  145 |
|  126 |  157 |  152 |  106 |  154 |  145 |
|  128 |  148 |  152 |  106 |  154 |  145 |
|  124 |  157 |  152 |  106 |  154 |  145 |
|  128 |  150 |  152 |  106 |  154 |  145 |
|  124 |  158 |  152 |  106 |  154 |  144 |
|  132 |  141 |  152 |  106 |  154 |  145 |
|  130 |  146 |  152 |  106 |  154 |  145 |
|  123 |  158 |  152 |  106 |  154 |  145 |
|  128 |  150 |  152 |  106 |  154 |  144 |
|  125 |  158 |  152 |  106 |  154 |  145 |
|  124 |  158 |  152 |  106 |  154 |  145 |
|  132 |  143 |  152 |  105 |  154 |  144 |
|  130 |  146 |  152 |  106 |  154 |  145 |
|  124 |  159 |  152 |  105 |  154 |  146 |
|  126 |  155 |  151 |  106 |  154 |  145 |
|  126 |  157 |  152 |  106 |  154 |  145 |
|  131 |  144 |  153 |  106 |  154 |  145 |
|  127 |  150 |  152 |  106 |  154 |  145 |
|  132 |  142 |  152 |  105 |  154 |  144 |
|  125 |  155 |  152 |  106 |  154 |  145 |
|  126 |  160 |  151 |  106 |  154 |  145 |
|  124 |  158 |  152 |  106 |  154 |  145 |
|  124 |  158 |  152 |  106 |  154 |  145 |
|  130 |  145 |  152 |  105 |  154 |  144 |
|  132 |  140 |  152 |  106 |  154 |  145 |
|  130 |  144 |  152 |  105 |  154 |  145 |
|  124 |  158 |  152 |  106 |  154 |  145 |
|  125 |  154 |  152 |  105 |  154 |  145 |
|  124 |  158 |  152 |  106 |  154 |  145 |
|  132 |  142 |  152 |  105 |  154 |  144 |
|  126 |  154 |  152 |  106 |  154 |  145 |
|  127 |  155 |  152 |  106 |  154 |  145 |
|  125 |  161 |  152 |  106 |  155 |  145 |
|  129 |  158 |  152 |  106 |  154 |  145 |
|  124 |  156 |  152 |  106 |  154 |  145 |
|  132 |  144 |  152 |  106 |  154 |  146 |
|  130 |  142 |  152 |  105 |  154 |  145 |
|  126 |  154 |  152 |  106 |  154 |  145 |
|  129 |  141 |  152 |  105 |  153 |  144 |
|  126 |  151 |  152 |  106 |  154 |  145 |
|  125 |  161 |  152 |  106 |  154 |  145 |
|  132 |  142 |  152 |  106 |  154 |  145 |
|  124 |  163 |  152 |  106 |  154 |  145 |
|  124 |  160 |  152 |  106 |  154 |  145 |
|  126 |  155 |  152 |  106 |  154 |  145 |
|  127 |  152 |  152 |  106 |  154 |  145 |
|  125 |  156 |  152 |  105 |  154 |  145 |
|  131 |  141 |  152 |  106 |  154 |  145 |
|  124 |  158 |  152 |  106 |  154 |  145 |
|  130 |  144 |  152 |  106 |  154 |  145 |
|  132 |  140 |  152 |  106 |  154 |  145 |
|  126 |  154 |  152 |  106 |  154 |  145 |
|  127 |  153 |  152 |  105 |  154 |  145 |
|  126 |  153 |  151 |  105 |  154 |  145 |
|  125 |  154 |  152 |  106 |  154 |  145 |
|  131 |  141 |  152 |  105 |  154 |  145 |
|  132 |  143 |  152 |  106 |  154 |  145 |
|  125 |  155 |  152 |  106 |  154 |  145 |
|  124 |  157 |  152 |  106 |  154 |  145 |
|  126 |  154 |  152 |  106 |  154 |  145 |
|  126 |  157 |  153 |  106 |  154 |  145 |
|  125 |  154 |  152 |  105 |  154 |  145 |
|  129 |  147 |  152 |  106 |  154 |  145 |
|  128 |  151 |  152 |  106 |  154 |  145 |
|  125 |  157 |  152 |  106 |  154 |  145 |
|  125 |  157 |  152 |  106 |  154 |  145 |
|  130 |  146 |  152 |  106 |  154 |  145 |
|  132 |  142 |  152 |  106 |  154 |  145 |
|  131 |  143 |  152 |  105 |  154 |  145 |
|  132 |  142 |  152 |  105 |  154 |  145 |
|  124 |  159 |  152 |  106 |  154 |  145 |
|  124 |  157 |  152 |  106 |  154 |  145 |
|  127 |  153 |  152 |  106 |  154 |  145 |
|  125 |  158 |  152 |  106 |  154 |  145 |
|  131 |  143 |  152 |  106 |  154 |  145 |
|  124 |  155 |  151 |  106 |  154 |  145 |
|  124 |  158 |  152 |  106 |  154 |  145 |
|  124 |  160 |  152 |  106 |  154 |  145 |
|  131 |  146 |  152 |  106 |  154 |  145 |
|  128 |  152 |  153 |  106 |  155 |  145 |
|  133 |  141 |  152 |  105 |  154 |  145 |
|  125 |  157 |  152 |  106 |  154 |  145 |
|  127 |  152 |  152 |  106 |  154 |  145 |
|  124 |  159 |  152 |  106 |  154 |  145 |
|  132 |  141 |  152 |  106 |  154 |  145 |
|  129 |  143 |  152 |  106 |  154 |  145 |
|  127 |  153 |  152 |  106 |  154 |  145 |
|  125 |  161 |  152 |  106 |  154 |  145 |
|  124 |  159 |  152 |  106 |  154 |  145 |
|  125 |  160 |  152 |  106 |  154 |  145 |
|  125 |  133 |  151 |  106 |  154 |  145 |
|  132 |  142 |  152 |  106 |  154 |  145 |
|  124 |  160 |  152 |  106 |  154 |  145 |
|  131 |  143 |  152 |  106 |  154 |  145 |
|  125 |  157 |  152 |  106 |  154 |  145 |                                                                                                                                                                                                                                                                                                                                                                                                                                                                                                                                                                                                                                                                                                                                                                                                                                                                                                                                                                                                                                                                                                                                                                                                                                                                                                                                                                                                                                                                                                                                                                                                                                                                                                                                                                                                                                                                                                                                                                                                                                                                                                                                                                                                                                                                                                                                                                                                                                                                                                                                                                                                                                                                                                                                                                                                                                                                                                                                                                                                                                                                                                                                                                                                                                                                                                                                                                                                                                                                                                                                                                                                                                                                                                                                                                                                                                                                                                                                                                                                                       